#-----------------------------------------------------------
# Vivado v2018.2 (64-bit)
# SW Build 2258646 on Thu Jun 14 20:03:12 MDT 2018
# IP Build 2256618 on Thu Jun 14 22:10:49 MDT 2018
# Start of session at: Sat May  2 09:06:47 2026
# Process ID: 20616
# Current directory: C:/Users/Kaveen/Documents/CSE/SEM 2/CS1050 - Computer Oranization and Digital Design/Microprocessor/repo/Nano-Processor/Register_Bank
# Command line: vivado.exe -gui_launcher_event rodinguilauncherevent19012 C:\Users\Kaveen\Documents\CSE\SEM 2\CS1050 - Computer Oranization and Digital Design\Microprocessor\repo\Nano-Processor\Register_Bank\Register_Bank.xpr
# Log file: C:/Users/Kaveen/Documents/CSE/SEM 2/CS1050 - Computer Oranization and Digital Design/Microprocessor/repo/Nano-Processor/Register_Bank/vivado.log
# Journal file: C:/Users/Kaveen/Documents/CSE/SEM 2/CS1050 - Computer Oranization and Digital Design/Microprocessor/repo/Nano-Processor/Register_Bank\vivado.jou
#-----------------------------------------------------------
start_gui
open_project {C:/Users/Kaveen/Documents/CSE/SEM 2/CS1050 - Computer Oranization and Digital Design/Microprocessor/repo/Nano-Processor/Register_Bank/Register_Bank.xpr}
INFO: [ProjectBase 1-489] The host OS only allows 260 characters in a normal path. The project is stored in a path with more than 80 characters. If you experience issues with IP, Block Designs, or files not being found, please consider moving the project to a location with a shorter path. Alternately consider using the OS subst command to map part of the path to a drive letter.
Current project path is 'C:/Users/Kaveen/Documents/CSE/SEM 2/CS1050 - Computer Oranization and Digital Design/Microprocessor/repo/Nano-Processor/Register_Bank'
INFO: [Project 1-313] Project file moved from 'C:/Users/thisa/Desktop/Register_Bank' since last save.
Scanning sources...
Finished scanning sources
WARNING: [filemgmt 56-2] IPUserFilesDir: Could not find the directory 'C:/Users/Kaveen/Documents/CSE/SEM 2/CS1050 - Computer Oranization and Digital Design/Microprocessor/repo/Nano-Processor/Register_Bank/Register_Bank.ip_user_files', nor could it be found using path 'C:/Users/thisa/Desktop/Register_Bank/Register_Bank.ip_user_files'.
INFO: [IP_Flow 19-234] Refreshing IP repositories
INFO: [IP_Flow 19-1704] No user IP repositories specified
INFO: [IP_Flow 19-2313] Loaded Vivado IP repository 'C:/Xilinx/Vivado/2018.2/data/ip'.
open_project: Time (s): cpu = 00:00:09 ; elapsed = 00:00:06 . Memory (MB): peak = 834.031 ; gain = 76.652
update_compile_order -fileset sources_1
launch_runs synth_1 -jobs 8
[Sat May  2 09:07:44 2026] Launched synth_1...
Run output will be captured here: C:/Users/Kaveen/Documents/CSE/SEM 2/CS1050 - Computer Oranization and Digital Design/Microprocessor/repo/Nano-Processor/Register_Bank/Register_Bank.runs/synth_1/runme.log
synth_design -rtl -name rtl_1
Command: synth_design -rtl -name rtl_1
Starting synth_design
Using part: xc7a35tcpg236-1
Top: Register_Bank
---------------------------------------------------------------------------------
Starting RTL Elaboration : Time (s): cpu = 00:00:04 ; elapsed = 00:00:03 . Memory (MB): peak = 995.305 ; gain = 108.793
---------------------------------------------------------------------------------
INFO: [Synth 8-638] synthesizing module 'Register_Bank' [C:/Users/Kaveen/Documents/CSE/SEM 2/CS1050 - Computer Oranization and Digital Design/Microprocessor/repo/Nano-Processor/Register_Bank/Register_Bank.srcs/sources_1/new/Register_Bank.vhd:15]
INFO: [Synth 8-638] synthesizing module 'Decoder_3_to_8' [C:/Users/Kaveen/Documents/CSE/SEM 2/CS1050 - Computer Oranization and Digital Design/Microprocessor/repo/Nano-Processor/Register_Bank/Register_Bank.srcs/sources_1/new/Decoder_3_to_8.vhd:15]
INFO: [Synth 8-3491] module 'Decoder_2_to_4' declared at 'C:/Users/Kaveen/Documents/CSE/SEM 2/CS1050 - Computer Oranization and Digital Design/Microprocessor/repo/Nano-Processor/Register_Bank/Register_Bank.srcs/sources_1/new/Decoder_2_to_4.vhd:10' bound to instance 'Decoder_2_to_4_0' of component 'Decoder_2_to_4' [C:/Users/Kaveen/Documents/CSE/SEM 2/CS1050 - Computer Oranization and Digital Design/Microprocessor/repo/Nano-Processor/Register_Bank/Register_Bank.srcs/sources_1/new/Decoder_3_to_8.vhd:26]
INFO: [Synth 8-638] synthesizing module 'Decoder_2_to_4' [C:/Users/Kaveen/Documents/CSE/SEM 2/CS1050 - Computer Oranization and Digital Design/Microprocessor/repo/Nano-Processor/Register_Bank/Register_Bank.srcs/sources_1/new/Decoder_2_to_4.vhd:15]
INFO: [Synth 8-256] done synthesizing module 'Decoder_2_to_4' (1#1) [C:/Users/Kaveen/Documents/CSE/SEM 2/CS1050 - Computer Oranization and Digital Design/Microprocessor/repo/Nano-Processor/Register_Bank/Register_Bank.srcs/sources_1/new/Decoder_2_to_4.vhd:15]
INFO: [Synth 8-3491] module 'Decoder_2_to_4' declared at 'C:/Users/Kaveen/Documents/CSE/SEM 2/CS1050 - Computer Oranization and Digital Design/Microprocessor/repo/Nano-Processor/Register_Bank/Register_Bank.srcs/sources_1/new/Decoder_2_to_4.vhd:10' bound to instance 'Decoder_2_to_4_1' of component 'Decoder_2_to_4' [C:/Users/Kaveen/Documents/CSE/SEM 2/CS1050 - Computer Oranization and Digital Design/Microprocessor/repo/Nano-Processor/Register_Bank/Register_Bank.srcs/sources_1/new/Decoder_3_to_8.vhd:31]
INFO: [Synth 8-256] done synthesizing module 'Decoder_3_to_8' (2#1) [C:/Users/Kaveen/Documents/CSE/SEM 2/CS1050 - Computer Oranization and Digital Design/Microprocessor/repo/Nano-Processor/Register_Bank/Register_Bank.srcs/sources_1/new/Decoder_3_to_8.vhd:15]
INFO: [Synth 8-638] synthesizing module '\reg ' [C:/Users/Kaveen/Documents/CSE/SEM 2/CS1050 - Computer Oranization and Digital Design/Microprocessor/repo/Nano-Processor/Register_Bank/Register_Bank.srcs/sources_1/new/reg.vhd:17]
	Parameter N bound to: 4 - type: integer 
INFO: [Synth 8-256] done synthesizing module '\reg ' (3#1) [C:/Users/Kaveen/Documents/CSE/SEM 2/CS1050 - Computer Oranization and Digital Design/Microprocessor/repo/Nano-Processor/Register_Bank/Register_Bank.srcs/sources_1/new/reg.vhd:17]
INFO: [Synth 8-256] done synthesizing module 'Register_Bank' (4#1) [C:/Users/Kaveen/Documents/CSE/SEM 2/CS1050 - Computer Oranization and Digital Design/Microprocessor/repo/Nano-Processor/Register_Bank/Register_Bank.srcs/sources_1/new/Register_Bank.vhd:15]
---------------------------------------------------------------------------------
Finished RTL Elaboration : Time (s): cpu = 00:00:05 ; elapsed = 00:00:04 . Memory (MB): peak = 1037.770 ; gain = 151.258
---------------------------------------------------------------------------------

Report Check Netlist: 
+------+------------------+-------+---------+-------+------------------+
|      |Item              |Errors |Warnings |Status |Description       |
+------+------------------+-------+---------+-------+------------------+
|1     |multi_driven_nets |      0|        0|Passed |Multi driven nets |
+------+------------------+-------+---------+-------+------------------+
---------------------------------------------------------------------------------
Start Handling Custom Attributes
---------------------------------------------------------------------------------
---------------------------------------------------------------------------------
Finished Handling Custom Attributes : Time (s): cpu = 00:00:05 ; elapsed = 00:00:04 . Memory (MB): peak = 1037.770 ; gain = 151.258
---------------------------------------------------------------------------------
---------------------------------------------------------------------------------
Finished RTL Optimization Phase 1 : Time (s): cpu = 00:00:05 ; elapsed = 00:00:04 . Memory (MB): peak = 1037.770 ; gain = 151.258
---------------------------------------------------------------------------------
INFO: [Device 21-403] Loading part xc7a35tcpg236-1
INFO: [Project 1-570] Preparing netlist for logic optimization

Processing XDC Constraints
Initializing timing engine
Completed Processing XDC Constraints

INFO: [Opt 31-138] Pushed 0 inverter(s) to 0 load pin(s).
INFO: [Project 1-111] Unisim Transformation Summary:
No Unisim elements were transformed.

RTL Elaboration Complete:  : Time (s): cpu = 00:00:23 ; elapsed = 00:00:16 . Memory (MB): peak = 1370.734 ; gain = 484.223
14 Infos, 0 Warnings, 0 Critical Warnings and 0 Errors encountered.
synth_design completed successfully
synth_design: Time (s): cpu = 00:00:23 ; elapsed = 00:00:16 . Memory (MB): peak = 1370.734 ; gain = 484.223
launch_simulation
INFO: [Vivado 12-5682] Launching behavioral simulation in 'C:/Users/Kaveen/Documents/CSE/SEM 2/CS1050 - Computer Oranization and Digital Design/Microprocessor/repo/Nano-Processor/Register_Bank/Register_Bank.sim/sim_1/behav/xsim'
INFO: [SIM-utils-51] Simulation object is 'sim_1'
INFO: [SIM-utils-54] Inspecting design source files for 'Register_Bank_tb' in fileset 'sim_1'...
INFO: [USF-XSim-97] Finding global include files...
INFO: [USF-XSim-98] Fetching design files from 'sim_1'...
INFO: [USF-XSim-2] XSim::Compile design
INFO: [USF-XSim-61] Executing 'COMPILE and ANALYZE' step in 'C:/Users/Kaveen/Documents/CSE/SEM 2/CS1050 - Computer Oranization and Digital Design/Microprocessor/repo/Nano-Processor/Register_Bank/Register_Bank.sim/sim_1/behav/xsim'
"xvhdl --incr --relax -prj Register_Bank_tb_vhdl.prj"
INFO: [VRFC 10-163] Analyzing VHDL file "C:/Users/Kaveen/Documents/CSE/SEM 2/CS1050 - Computer Oranization and Digital Design/Microprocessor/repo/Nano-Processor/Register_Bank/Register_Bank.srcs/sources_1/new/Decoder_2_to_4.vhd" into library xil_defaultlib
INFO: [VRFC 10-307] analyzing entity Decoder_2_to_4
INFO: [VRFC 10-163] Analyzing VHDL file "C:/Users/Kaveen/Documents/CSE/SEM 2/CS1050 - Computer Oranization and Digital Design/Microprocessor/repo/Nano-Processor/Register_Bank/Register_Bank.srcs/sources_1/new/Decoder_3_to_8.vhd" into library xil_defaultlib
INFO: [VRFC 10-307] analyzing entity Decoder_3_to_8
INFO: [VRFC 10-163] Analyzing VHDL file "C:/Users/Kaveen/Documents/CSE/SEM 2/CS1050 - Computer Oranization and Digital Design/Microprocessor/repo/Nano-Processor/Register_Bank/Register_Bank.srcs/sources_1/new/buses.vhd" into library xil_defaultlib
INFO: [VRFC 10-163] Analyzing VHDL file "C:/Users/Kaveen/Documents/CSE/SEM 2/CS1050 - Computer Oranization and Digital Design/Microprocessor/repo/Nano-Processor/Register_Bank/Register_Bank.srcs/sources_1/new/reg.vhd" into library xil_defaultlib
INFO: [VRFC 10-307] analyzing entity reg
INFO: [VRFC 10-163] Analyzing VHDL file "C:/Users/Kaveen/Documents/CSE/SEM 2/CS1050 - Computer Oranization and Digital Design/Microprocessor/repo/Nano-Processor/Register_Bank/Register_Bank.srcs/sources_1/new/Register_Bank.vhd" into library xil_defaultlib
INFO: [VRFC 10-307] analyzing entity Register_Bank
INFO: [VRFC 10-163] Analyzing VHDL file "C:/Users/Kaveen/Documents/CSE/SEM 2/CS1050 - Computer Oranization and Digital Design/Microprocessor/repo/Nano-Processor/Register_Bank/Register_Bank.srcs/sim_1/new/TB_Register_Bank.vhd" into library xil_defaultlib
INFO: [VRFC 10-307] analyzing entity Register_Bank_tb
INFO: [USF-XSim-69] 'compile' step finished in '3' seconds
INFO: [USF-XSim-3] XSim::Elaborate design
INFO: [USF-XSim-61] Executing 'ELABORATE' step in 'C:/Users/Kaveen/Documents/CSE/SEM 2/CS1050 - Computer Oranization and Digital Design/Microprocessor/repo/Nano-Processor/Register_Bank/Register_Bank.sim/sim_1/behav/xsim'
Vivado Simulator 2018.2
Copyright 1986-1999, 2001-2018 Xilinx, Inc. All Rights Reserved.
Running: C:/Xilinx/Vivado/2018.2/bin/unwrapped/win64.o/xelab.exe -wto 081707399ea14435b1a6e05ee53e5f9c --incr --debug typical --relax --mt 2 -L xil_defaultlib -L secureip --snapshot Register_Bank_tb_behav xil_defaultlib.Register_Bank_tb -log elaborate.log 
Using 2 slave threads.
Starting static elaboration
Completed static elaboration
Starting simulation data flow analysis
Completed simulation data flow analysis
Time Resolution for simulation is 1ps
Compiling package std.standard
Compiling package std.textio
Compiling package ieee.std_logic_1164
Compiling package ieee.numeric_std
Compiling package xil_defaultlib.buses
Compiling architecture behavioral of entity xil_defaultlib.Decoder_2_to_4 [decoder_2_to_4_default]
Compiling architecture behavioral of entity xil_defaultlib.Decoder_3_to_8 [decoder_3_to_8_default]
Compiling architecture behavioral of entity xil_defaultlib.reg [reg_default]
Compiling architecture behavioral of entity xil_defaultlib.Register_Bank [register_bank_default]
Compiling architecture sim of entity xil_defaultlib.register_bank_tb
Built simulation snapshot Register_Bank_tb_behav
ERROR: [Common 17-165] Too many positional options when parsing '-notrace', please type 'webtalk -help' for usage info.

run_program: Time (s): cpu = 00:00:00 ; elapsed = 00:00:07 . Memory (MB): peak = 1378.457 ; gain = 0.105
INFO: [USF-XSim-69] 'elaborate' step finished in '7' seconds
INFO: [USF-XSim-4] XSim::Simulate design
INFO: [USF-XSim-61] Executing 'SIMULATE' step in 'C:/Users/Kaveen/Documents/CSE/SEM 2/CS1050 - Computer Oranization and Digital Design/Microprocessor/repo/Nano-Processor/Register_Bank/Register_Bank.sim/sim_1/behav/xsim'
INFO: [USF-XSim-98] *** Running xsim
   with args "Register_Bank_tb_behav -key {Behavioral:sim_1:Functional:Register_Bank_tb} -tclbatch {Register_Bank_tb.tcl} -log {simulate.log}"
INFO: [USF-XSim-8] Loading simulator feature
Vivado Simulator 2018.2
Time resolution is 1 ps
source Register_Bank_tb.tcl
# set curr_wave [current_wave_config]
# if { [string length $curr_wave] == 0 } {
#   if { [llength [get_objects]] > 0} {
#     add_wave /
#     set_property needs_save false [current_wave_config]
#   } else {
#      send_msg_id Add_Wave-1 WARNING "No top level signals found. Simulator will start without a wave window. If you want to open a wave window go to 'File->New Waveform Configuration' or type 'create_wave_config' in the TCL console."
#   }
# }
# run 1000ns
INFO: [USF-XSim-96] XSim completed. Design snapshot 'Register_Bank_tb_behav' loaded.
INFO: [USF-XSim-97] XSim simulation ran for 1000ns
launch_simulation: Time (s): cpu = 00:00:09 ; elapsed = 00:00:14 . Memory (MB): peak = 1392.414 ; gain = 14.992
close_sim
INFO: [Simtcl 6-16] Simulation closed
close_project
open_project {C:/Users/Kaveen/Documents/CSE/SEM 2/CS1050 - Computer Oranization and Digital Design/Microprocessor/repo/Nano-Processor/Monishka_components/Monishka_components.xpr}
INFO: [ProjectBase 1-489] The host OS only allows 260 characters in a normal path. The project is stored in a path with more than 80 characters. If you experience issues with IP, Block Designs, or files not being found, please consider moving the project to a location with a shorter path. Alternately consider using the OS subst command to map part of the path to a drive letter.
Current project path is 'C:/Users/Kaveen/Documents/CSE/SEM 2/CS1050 - Computer Oranization and Digital Design/Microprocessor/repo/Nano-Processor/Monishka_components'
INFO: [Project 1-313] Project file moved from 'C:/Users/monis/Monishka_components' since last save.
Scanning sources...
Finished scanning sources
INFO: [IP_Flow 19-234] Refreshing IP repositories
INFO: [IP_Flow 19-1704] No user IP repositories specified
INFO: [IP_Flow 19-2313] Loaded Vivado IP repository 'C:/Xilinx/Vivado/2018.2/data/ip'.
update_compile_order -fileset sources_1
