#-----------------------------------------------------------
# Vivado v2018.2 (64-bit)
# SW Build 2258646 on Thu Jun 14 20:03:12 MDT 2018
# IP Build 2256618 on Thu Jun 14 22:10:49 MDT 2018
# Start of session at: Fri May  1 13:55:39 2026
# Process ID: 22520
# Current directory: C:/Users/thisa/Desktop/Register_Bank/Nano-Processor/Register_Bank
# Command line: vivado.exe -gui_launcher_event rodinguilauncherevent12752 C:\Users\thisa\Desktop\Register_Bank\Nano-Processor\Register_Bank\Register_Bank.xpr
# Log file: C:/Users/thisa/Desktop/Register_Bank/Nano-Processor/Register_Bank/vivado.log
# Journal file: C:/Users/thisa/Desktop/Register_Bank/Nano-Processor/Register_Bank\vivado.jou
#-----------------------------------------------------------
start_gui
open_project C:/Users/thisa/Desktop/Register_Bank/Nano-Processor/Register_Bank/Register_Bank.xpr
INFO: [Project 1-313] Project file moved from 'C:/Users/thisa/Desktop/Register_Bank' since last save.
Scanning sources...
Finished scanning sources
INFO: [filemgmt 56-1] IPUserFilesDir: Directory not found as 'C:/Users/thisa/Desktop/Register_Bank/Nano-Processor/Register_Bank/Register_Bank.ip_user_files'; using path 'C:/Users/thisa/Desktop/Register_Bank/Register_Bank.ip_user_files' instead.
INFO: [IP_Flow 19-234] Refreshing IP repositories
INFO: [IP_Flow 19-1704] No user IP repositories specified
INFO: [IP_Flow 19-2313] Loaded Vivado IP repository 'C:/Xilinx/Vivado/2018.2/data/ip'.
open_project: Time (s): cpu = 00:00:10 ; elapsed = 00:00:07 . Memory (MB): peak = 826.461 ; gain = 100.961
update_compile_order -fileset sources_1
exit
INFO: [Common 17-206] Exiting Vivado at Fri May  1 14:17:29 2026...
