
*** Running vivado
    with args -log Register_Bank.vds -m64 -product Vivado -mode batch -messageDb vivado.pb -notrace -source Register_Bank.tcl


****** Vivado v2018.2 (64-bit)
  **** SW Build 2258646 on Thu Jun 14 20:03:12 MDT 2018
  **** IP Build 2256618 on Thu Jun 14 22:10:49 MDT 2018
    ** Copyright 1986-2018 Xilinx, Inc. All Rights Reserved.

source Register_Bank.tcl -notrace
Command: synth_design -top Register_Bank -part xc7a35tcpg236-1
Starting synth_design
Attempting to get a license for feature 'Synthesis' and/or device 'xc7a35t'
INFO: [Common 17-349] Got license for feature 'Synthesis' and/or device 'xc7a35t'
INFO: Launching helper process for spawning children vivado processes
INFO: Helper process launched with PID 22532 
---------------------------------------------------------------------------------
Starting Synthesize : Time (s): cpu = 00:00:02 ; elapsed = 00:00:03 . Memory (MB): peak = 382.883 ; gain = 98.457
---------------------------------------------------------------------------------
INFO: [Synth 8-638] synthesizing module 'Register_Bank' [C:/Users/Kaveen/Documents/CSE/SEM 2/CS1050 - Computer Oranization and Digital Design/Microprocessor/repo/Nano-Processor/Register_Bank/Register_Bank.srcs/sources_1/new/Register_Bank.vhd:15]
INFO: [Synth 8-638] synthesizing module 'Decoder_3_to_8' [C:/Users/Kaveen/Documents/CSE/SEM 2/CS1050 - Computer Oranization and Digital Design/Microprocessor/repo/Nano-Processor/Register_Bank/Register_Bank.srcs/sources_1/new/Decoder_3_to_8.vhd:15]
INFO: [Synth 8-3491] module 'Decoder_2_to_4' declared at 'C:/Users/Kaveen/Documents/CSE/SEM 2/CS1050 - Computer Oranization and Digital Design/Microprocessor/repo/Nano-Processor/Register_Bank/Register_Bank.srcs/sources_1/new/Decoder_2_to_4.vhd:10' bound to instance 'Decoder_2_to_4_0' of component 'Decoder_2_to_4' [C:/Users/Kaveen/Documents/CSE/SEM 2/CS1050 - Computer Oranization and Digital Design/Microprocessor/repo/Nano-Processor/Register_Bank/Register_Bank.srcs/sources_1/new/Decoder_3_to_8.vhd:26]
INFO: [Synth 8-638] synthesizing module 'Decoder_2_to_4' [C:/Users/Kaveen/Documents/CSE/SEM 2/CS1050 - Computer Oranization and Digital Design/Microprocessor/repo/Nano-Processor/Register_Bank/Register_Bank.srcs/sources_1/new/Decoder_2_to_4.vhd:15]
INFO: [Synth 8-256] done synthesizing module 'Decoder_2_to_4' (1#1) [C:/Users/Kaveen/Documents/CSE/SEM 2/CS1050 - Computer Oranization and Digital Design/Microprocessor/repo/Nano-Processor/Register_Bank/Register_Bank.srcs/sources_1/new/Decoder_2_to_4.vhd:15]
INFO: [Synth 8-3491] module 'Decoder_2_to_4' declared at 'C:/Users/Kaveen/Documents/CSE/SEM 2/CS1050 - Computer Oranization and Digital Design/Microprocessor/repo/Nano-Processor/Register_Bank/Register_Bank.srcs/sources_1/new/Decoder_2_to_4.vhd:10' bound to instance 'Decoder_2_to_4_1' of component 'Decoder_2_to_4' [C:/Users/Kaveen/Documents/CSE/SEM 2/CS1050 - Computer Oranization and Digital Design/Microprocessor/repo/Nano-Processor/Register_Bank/Register_Bank.srcs/sources_1/new/Decoder_3_to_8.vhd:31]
INFO: [Synth 8-256] done synthesizing module 'Decoder_3_to_8' (2#1) [C:/Users/Kaveen/Documents/CSE/SEM 2/CS1050 - Computer Oranization and Digital Design/Microprocessor/repo/Nano-Processor/Register_Bank/Register_Bank.srcs/sources_1/new/Decoder_3_to_8.vhd:15]
INFO: [Synth 8-638] synthesizing module '\reg ' [C:/Users/Kaveen/Documents/CSE/SEM 2/CS1050 - Computer Oranization and Digital Design/Microprocessor/repo/Nano-Processor/Register_Bank/Register_Bank.srcs/sources_1/new/reg.vhd:17]
	Parameter N bound to: 4 - type: integer 
INFO: [Synth 8-256] done synthesizing module '\reg ' (3#1) [C:/Users/Kaveen/Documents/CSE/SEM 2/CS1050 - Computer Oranization and Digital Design/Microprocessor/repo/Nano-Processor/Register_Bank/Register_Bank.srcs/sources_1/new/reg.vhd:17]
INFO: [Synth 8-256] done synthesizing module 'Register_Bank' (4#1) [C:/Users/Kaveen/Documents/CSE/SEM 2/CS1050 - Computer Oranization and Digital Design/Microprocessor/repo/Nano-Processor/Register_Bank/Register_Bank.srcs/sources_1/new/Register_Bank.vhd:15]
---------------------------------------------------------------------------------
Finished Synthesize : Time (s): cpu = 00:00:03 ; elapsed = 00:00:04 . Memory (MB): peak = 437.613 ; gain = 153.188
---------------------------------------------------------------------------------
---------------------------------------------------------------------------------
Finished Constraint Validation : Time (s): cpu = 00:00:03 ; elapsed = 00:00:04 . Memory (MB): peak = 437.613 ; gain = 153.188
---------------------------------------------------------------------------------
---------------------------------------------------------------------------------
Start Loading Part and Timing Information
---------------------------------------------------------------------------------
Loading part: xc7a35tcpg236-1
INFO: [Device 21-403] Loading part xc7a35tcpg236-1
---------------------------------------------------------------------------------
Finished Loading Part and Timing Information : Time (s): cpu = 00:00:03 ; elapsed = 00:00:04 . Memory (MB): peak = 437.613 ; gain = 153.188
---------------------------------------------------------------------------------
---------------------------------------------------------------------------------
Finished RTL Optimization Phase 2 : Time (s): cpu = 00:00:03 ; elapsed = 00:00:04 . Memory (MB): peak = 437.613 ; gain = 153.188
---------------------------------------------------------------------------------

Report RTL Partitions: 
+-+--------------+------------+----------+
| |RTL Partition |Replication |Instances |
+-+--------------+------------+----------+
+-+--------------+------------+----------+
No constraint files found.
---------------------------------------------------------------------------------
Start RTL Component Statistics 
---------------------------------------------------------------------------------
Detailed RTL Component Info : 
+---Registers : 
	                4 Bit    Registers := 8     
---------------------------------------------------------------------------------
Finished RTL Component Statistics 
---------------------------------------------------------------------------------
---------------------------------------------------------------------------------
Start RTL Hierarchical Component Statistics 
---------------------------------------------------------------------------------
Hierarchical RTL Component report 
Module reg 
Detailed RTL Component Info : 
+---Registers : 
	                4 Bit    Registers := 1     
---------------------------------------------------------------------------------
Finished RTL Hierarchical Component Statistics
---------------------------------------------------------------------------------
---------------------------------------------------------------------------------
Start Part Resource Summary
---------------------------------------------------------------------------------
Part Resources:
DSPs: 90 (col length:60)
BRAMs: 100 (col length: RAMB18 60 RAMB36 30)
---------------------------------------------------------------------------------
Finished Part Resource Summary
---------------------------------------------------------------------------------
No constraint files found.
---------------------------------------------------------------------------------
Start Cross Boundary and Area Optimization
---------------------------------------------------------------------------------
Warning: Parallel synthesis criteria is not met 
INFO: [Synth 8-3886] merging instance 'reg_inst0/Q_reg[0]' (FDR) to 'reg_inst0/Q_reg[1]'
INFO: [Synth 8-3886] merging instance 'reg_inst0/Q_reg[1]' (FDR) to 'reg_inst0/Q_reg[2]'
INFO: [Synth 8-3886] merging instance 'reg_inst0/Q_reg[2]' (FDR) to 'reg_inst0/Q_reg[3]'
INFO: [Synth 8-3333] propagating constant 0 across sequential element (\reg_inst0/Q_reg[3] )
WARNING: [Synth 8-3332] Sequential element (reg_inst0/Q_reg[3]) is unused and will be removed from module Register_Bank.
---------------------------------------------------------------------------------
Finished Cross Boundary and Area Optimization : Time (s): cpu = 00:00:06 ; elapsed = 00:00:10 . Memory (MB): peak = 565.598 ; gain = 281.172
---------------------------------------------------------------------------------

Report RTL Partitions: 
+-+--------------+------------+----------+
| |RTL Partition |Replication |Instances |
+-+--------------+------------+----------+
+-+--------------+------------+----------+
No constraint files found.
---------------------------------------------------------------------------------
Start Timing Optimization
---------------------------------------------------------------------------------
---------------------------------------------------------------------------------
Finished Timing Optimization : Time (s): cpu = 00:00:06 ; elapsed = 00:00:10 . Memory (MB): peak = 565.598 ; gain = 281.172
---------------------------------------------------------------------------------

Report RTL Partitions: 
+-+--------------+------------+----------+
| |RTL Partition |Replication |Instances |
+-+--------------+------------+----------+
+-+--------------+------------+----------+
---------------------------------------------------------------------------------
Start Technology Mapping
---------------------------------------------------------------------------------
---------------------------------------------------------------------------------
Finished Technology Mapping : Time (s): cpu = 00:00:06 ; elapsed = 00:00:10 . Memory (MB): peak = 565.598 ; gain = 281.172
---------------------------------------------------------------------------------

Report RTL Partitions: 
+-+--------------+------------+----------+
| |RTL Partition |Replication |Instances |
+-+--------------+------------+----------+
+-+--------------+------------+----------+
---------------------------------------------------------------------------------
Start IO Insertion
---------------------------------------------------------------------------------
---------------------------------------------------------------------------------
Start Flattening Before IO Insertion
---------------------------------------------------------------------------------
---------------------------------------------------------------------------------
Finished Flattening Before IO Insertion
---------------------------------------------------------------------------------
---------------------------------------------------------------------------------
Start Final Netlist Cleanup
---------------------------------------------------------------------------------
---------------------------------------------------------------------------------
Finished Final Netlist Cleanup
---------------------------------------------------------------------------------
---------------------------------------------------------------------------------
Finished IO Insertion : Time (s): cpu = 00:00:07 ; elapsed = 00:00:11 . Memory (MB): peak = 565.598 ; gain = 281.172
---------------------------------------------------------------------------------

Report Check Netlist: 
+------+------------------+-------+---------+-------+------------------+
|      |Item              |Errors |Warnings |Status |Description       |
+------+------------------+-------+---------+-------+------------------+
|1     |multi_driven_nets |      0|        0|Passed |Multi driven nets |
+------+------------------+-------+---------+-------+------------------+
---------------------------------------------------------------------------------
Start Renaming Generated Instances
---------------------------------------------------------------------------------
---------------------------------------------------------------------------------
Finished Renaming Generated Instances : Time (s): cpu = 00:00:07 ; elapsed = 00:00:11 . Memory (MB): peak = 565.598 ; gain = 281.172
---------------------------------------------------------------------------------

Report RTL Partitions: 
+-+--------------+------------+----------+
| |RTL Partition |Replication |Instances |
+-+--------------+------------+----------+
+-+--------------+------------+----------+
---------------------------------------------------------------------------------
Start Rebuilding User Hierarchy
---------------------------------------------------------------------------------
---------------------------------------------------------------------------------
Finished Rebuilding User Hierarchy : Time (s): cpu = 00:00:07 ; elapsed = 00:00:11 . Memory (MB): peak = 565.598 ; gain = 281.172
---------------------------------------------------------------------------------
---------------------------------------------------------------------------------
Start Renaming Generated Ports
---------------------------------------------------------------------------------
---------------------------------------------------------------------------------
Finished Renaming Generated Ports : Time (s): cpu = 00:00:07 ; elapsed = 00:00:11 . Memory (MB): peak = 565.598 ; gain = 281.172
---------------------------------------------------------------------------------
---------------------------------------------------------------------------------
Start Handling Custom Attributes
---------------------------------------------------------------------------------
---------------------------------------------------------------------------------
Finished Handling Custom Attributes : Time (s): cpu = 00:00:07 ; elapsed = 00:00:11 . Memory (MB): peak = 565.598 ; gain = 281.172
---------------------------------------------------------------------------------
---------------------------------------------------------------------------------
Start Renaming Generated Nets
---------------------------------------------------------------------------------
---------------------------------------------------------------------------------
Finished Renaming Generated Nets : Time (s): cpu = 00:00:07 ; elapsed = 00:00:11 . Memory (MB): peak = 565.598 ; gain = 281.172
---------------------------------------------------------------------------------
---------------------------------------------------------------------------------
Start Writing Synthesis Report
---------------------------------------------------------------------------------

Report BlackBoxes: 
+-+--------------+----------+
| |BlackBox name |Instances |
+-+--------------+----------+
+-+--------------+----------+

Report Cell Usage: 
+------+-----+------+
|      |Cell |Count |
+------+-----+------+
|1     |BUFG |     1|
|2     |LUT3 |     7|
|3     |FDRE |    28|
|4     |IBUF |     9|
|5     |OBUF |    32|
+------+-----+------+

Report Instance Areas: 
+------+--------------------------+-----------------+------+
|      |Instance                  |Module           |Cells |
+------+--------------------------+-----------------+------+
|1     |top                       |                 |    77|
|2     |  \registers[1].reg_inst  |\reg             |     4|
|3     |  \registers[2].reg_inst  |reg_0            |     4|
|4     |  \registers[3].reg_inst  |reg_1            |     4|
|5     |  \registers[4].reg_inst  |reg_2            |     4|
|6     |  \registers[5].reg_inst  |reg_3            |     4|
|7     |  \registers[6].reg_inst  |reg_4            |     4|
|8     |  \registers[7].reg_inst  |reg_5            |     4|
|9     |  Decoder_3_to_8_0        |Decoder_3_to_8   |     7|
|10    |    Decoder_2_to_4_0      |Decoder_2_to_4   |     3|
|11    |    Decoder_2_to_4_1      |Decoder_2_to_4_6 |     4|
+------+--------------------------+-----------------+------+
---------------------------------------------------------------------------------
Finished Writing Synthesis Report : Time (s): cpu = 00:00:07 ; elapsed = 00:00:11 . Memory (MB): peak = 565.598 ; gain = 281.172
---------------------------------------------------------------------------------
Synthesis finished with 0 errors, 0 critical warnings and 1 warnings.
Synthesis Optimization Runtime : Time (s): cpu = 00:00:07 ; elapsed = 00:00:11 . Memory (MB): peak = 565.598 ; gain = 281.172
Synthesis Optimization Complete : Time (s): cpu = 00:00:07 ; elapsed = 00:00:11 . Memory (MB): peak = 565.598 ; gain = 281.172
INFO: [Project 1-571] Translating synthesized netlist
INFO: [Netlist 29-17] Analyzing 9 Unisim elements for replacement
INFO: [Netlist 29-28] Unisim Transformation completed in 0 CPU seconds
INFO: [Project 1-570] Preparing netlist for logic optimization
INFO: [Opt 31-138] Pushed 0 inverter(s) to 0 load pin(s).
INFO: [Project 1-111] Unisim Transformation Summary:
No Unisim elements were transformed.

INFO: [Common 17-83] Releasing license: Synthesis
23 Infos, 1 Warnings, 0 Critical Warnings and 0 Errors encountered.
synth_design completed successfully
synth_design: Time (s): cpu = 00:00:11 ; elapsed = 00:00:16 . Memory (MB): peak = 672.531 ; gain = 400.090
WARNING: [Constraints 18-5210] No constraint will be written out.
INFO: [Common 17-1381] The checkpoint 'C:/Users/Kaveen/Documents/CSE/SEM 2/CS1050 - Computer Oranization and Digital Design/Microprocessor/repo/Nano-Processor/Register_Bank/Register_Bank.runs/synth_1/Register_Bank.dcp' has been generated.
INFO: [runtcl-4] Executing : report_utilization -file Register_Bank_utilization_synth.rpt -pb Register_Bank_utilization_synth.pb
report_utilization: Time (s): cpu = 00:00:00 ; elapsed = 00:00:00.024 . Memory (MB): peak = 672.531 ; gain = 0.000
INFO: [Common 17-206] Exiting Vivado at Sat May  2 09:08:11 2026...
